0 info it worked if it ends with ok
1 verbose cli [ '/home/ubuntu/.nvm/v0.10.35/bin/node',
1 verbose cli   '/home/ubuntu/.nvm/v0.10.35/bin/npm',
1 verbose cli   'install',
1 verbose cli   'concatStream' ]
2 info using npm@1.4.28
3 info using node@v0.10.35
4 verbose cache add [ 'concatStream', null ]
5 verbose cache add name=undefined spec="concatStream" args=["concatStream",null]
6 verbose parsed url { protocol: null,
6 verbose parsed url   slashes: null,
6 verbose parsed url   auth: null,
6 verbose parsed url   host: null,
6 verbose parsed url   port: null,
6 verbose parsed url   hostname: null,
6 verbose parsed url   hash: null,
6 verbose parsed url   search: null,
6 verbose parsed url   query: null,
6 verbose parsed url   pathname: 'concatStream',
6 verbose parsed url   path: 'concatStream',
6 verbose parsed url   href: 'concatStream' }
7 silly lockFile 44b42555-concatStream concatStream
8 verbose lock concatStream /home/ubuntu/.npm/44b42555-concatStream.lock
9 silly lockFile 44b42555-concatStream concatStream
10 silly lockFile 44b42555-concatStream concatStream
11 verbose addNamed [ 'concatStream', '' ]
12 verbose addNamed [ null, '*' ]
13 silly lockFile 1690fb0c-concatStream concatStream@
14 verbose lock concatStream@ /home/ubuntu/.npm/1690fb0c-concatStream.lock
15 silly addNameRange { name: 'concatStream', range: '*', hasData: false }
16 verbose request where is /concatStream
17 verbose request registry https://registry.npmjs.org/
18 verbose request id 7918524de17b0c2b
19 verbose url raw /concatStream
20 verbose url resolving [ 'https://registry.npmjs.org/', './concatStream' ]
21 verbose url resolved https://registry.npmjs.org/concatStream
22 verbose request where is https://registry.npmjs.org/concatStream
23 info trying registry request attempt 1 at 06:43:00
24 http GET https://registry.npmjs.org/concatStream
25 http 404 https://registry.npmjs.org/concatStream
26 verbose headers { server: 'CouchDB/1.5.0 (Erlang OTP/R16B03)',
26 verbose headers   'content-type': 'application/json',
26 verbose headers   'cache-control': 'max-age=0',
26 verbose headers   'content-length': '51',
26 verbose headers   'accept-ranges': 'bytes',
26 verbose headers   date: 'Mon, 08 Jun 2015 06:43:00 GMT',
26 verbose headers   via: '1.1 varnish',
26 verbose headers   age: '0',
26 verbose headers   connection: 'keep-alive',
26 verbose headers   'x-served-by': 'cache-atl6227-ATL',
26 verbose headers   'x-cache': 'MISS',
26 verbose headers   'x-cache-hits': '0',
26 verbose headers   'x-timer': 'S1433745780.879761,VS0,VE31' }
27 silly registry.get cb [ 404,
27 silly registry.get   { server: 'CouchDB/1.5.0 (Erlang OTP/R16B03)',
27 silly registry.get     'content-type': 'application/json',
27 silly registry.get     'cache-control': 'max-age=0',
27 silly registry.get     'content-length': '51',
27 silly registry.get     'accept-ranges': 'bytes',
27 silly registry.get     date: 'Mon, 08 Jun 2015 06:43:00 GMT',
27 silly registry.get     via: '1.1 varnish',
27 silly registry.get     age: '0',
27 silly registry.get     connection: 'keep-alive',
27 silly registry.get     'x-served-by': 'cache-atl6227-ATL',
27 silly registry.get     'x-cache': 'MISS',
27 silly registry.get     'x-cache-hits': '0',
27 silly registry.get     'x-timer': 'S1433745780.879761,VS0,VE31' } ]
28 silly lockFile 1690fb0c-concatStream concatStream@
29 silly lockFile 1690fb0c-concatStream concatStream@
30 error 404 404 Not Found: concatStream
30 error 404
30 error 404 'concatStream' is not in the npm registry.
30 error 404 You should bug the author to publish it
30 error 404
30 error 404 Note that you can also install from a
30 error 404 tarball, folder, or http url, or git url.
31 error System Linux 3.14.13-c9
32 error command "/home/ubuntu/.nvm/v0.10.35/bin/node" "/home/ubuntu/.nvm/v0.10.35/bin/npm" "install" "concatStream"
33 error cwd /home/ubuntu/workspace
34 error node -v v0.10.35
35 error npm -v 1.4.28
36 error code E404
37 verbose exit [ 1, true ]
